2018-04-04 17:35:17,499 - [INFO] - main.lazydog: starting disk_monitor thread ...
2018-04-04 17:35:17,500 - [INFO] - main.lazydog: starting progress_monitor thread ...
2018-04-04 17:35:17,500 - [INFO] - main.lazydog: starting gateway_monitor thread ...
2018-04-04 17:35:17,501 - [INFO] - main.lazydog: Starting server with port 8431 ...
2018-04-04 17:35:17,540 - [INFO] - main.progress_monitor: check project - /data/loginserver_ly with port - 9032 on server: login03-ly
2018-04-04 17:35:17,540 - [INFO] - main.gateway_monitor: check project - /jmserver/ly_gw_001 on server: gate02-ly
2018-04-04 17:35:18,255 - [INFO] - main.disk_monitor: check server: login03-ly
2018-04-04 17:35:18,826 - [INFO] - main.disk_monitor: check server: gate02-ly
2018-04-04 17:35:19,654 - [INFO] - main.progress_monitor: check project - /jmserver/ly_gw_001 with port - 9081 on server: gate02-ly
2018-04-04 17:35:19,793 - [INFO] - main.monitor: 严重告警：
    网关服到服务器 PlaybackServer 的连接已断开！
    
详情：
    服务器：        gate02-ly
    IP地址：        123.206.67.120
    项目路径：       /jmserver/ly_gw_001

2018-04-04 17:35:20,792 - [INFO] - main.monitor: 严重告警：
    项目停止服务。
    
详情：
    服务器：        gate02-ly
    IP地址：        123.206.67.120
    项目路径：       /jmserver/ly_gw_001
    检查端口：       9081

2018-04-04 17:36:17,931 - [INFO] - main.lazydog: starting disk_monitor thread ...
2018-04-04 17:36:17,931 - [INFO] - main.lazydog: starting progress_monitor thread ...
2018-04-04 17:36:17,932 - [INFO] - main.lazydog: starting gateway_monitor thread ...
2018-04-04 17:36:17,932 - [INFO] - main.lazydog: Starting server with port 8431 ...
2018-04-04 17:36:17,972 - [INFO] - main.progress_monitor: check project - /data/loginserver_ly with port - 9032 on server: login03-ly
2018-04-04 17:36:17,973 - [INFO] - main.gateway_monitor: check project - /jmserver/ly_gw_001 on server: gate02-ly
2018-04-04 17:36:18,719 - [INFO] - main.disk_monitor: check server: login03-ly
2018-04-04 17:36:19,334 - [INFO] - main.disk_monitor: check server: gate02-ly
2018-04-04 17:36:20,076 - [INFO] - main.progress_monitor: check project - /jmserver/ly_gw_001 with port - 9081 on server: gate02-ly
2018-04-04 17:36:20,142 - [INFO] - main.monitor: 严重告警：
    网关服到服务器 PlaybackServer 的连接已断开！
    
详情：
    服务器：        gate02-ly
    IP地址：        123.206.67.120
    项目路径：       /jmserver/ly_gw_001

2018-04-04 17:36:22,009 - [INFO] - main.monitor: 严重告警：
    项目停止服务。
    
详情：
    服务器：        gate02-ly
    IP地址：        123.206.67.120
    项目路径：       /jmserver/ly_gw_001
    检查端口：       9081

2018-04-04 17:36:22,183 - [INFO] - main.monitor: 严重告警：
    网关服到服务器 ActivityServer 的连接已断开！
    
详情：
    服务器：        gate02-ly
    IP地址：        123.206.67.120
    项目路径：       /jmserver/ly_gw_001

2018-04-04 17:36:23,242 - [INFO] - main.monitor: 严重告警：
    网关服到服务器 ChatServer 的连接已断开！
    
详情：
    服务器：        gate02-ly
    IP地址：        123.206.67.120
    项目路径：       /jmserver/ly_gw_001

2018-04-04 17:36:37,514 - [INFO] - main.httphandler: Get post data: {'cmd': '1'} from host: 127.0.0.1
2018-04-04 17:37:23,225 - [INFO] - main.progress_monitor: check project - /data/loginserver_ly with port - 9032 on server: login03-ly
2018-04-04 17:37:24,269 - [INFO] - main.gateway_monitor: check project - /jmserver/ly_gw_001 on server: gate02-ly
2018-04-04 17:37:24,755 - [INFO] - main.progress_monitor: check project - /jmserver/ly_gw_001 with port - 9081 on server: gate02-ly
2018-04-04 17:37:25,567 - [INFO] - main.monitor: 告警解除！

以下是原始告警信息：
***********************************************************
    严重告警：
        网关服到服务器 PlaybackServer 的连接已断开！
        
    详情：
        服务器：        gate02-ly
        IP地址：        140.143.128.210
        项目路径：       /jmserver/ly_gw_001

2018-04-04 17:37:26,580 - [INFO] - main.monitor: 告警解除！

以下是原始告警信息：
***********************************************************
    严重告警：
        网关服到服务器 ActivityServer 的连接已断开！
        
    详情：
        服务器：        gate02-ly
        IP地址：        140.143.128.210
        项目路径：       /jmserver/ly_gw_001

2018-04-04 18:07:48,133 - [INFO] - main.lazydog: starting disk_monitor thread ...
2018-04-04 18:07:48,133 - [INFO] - main.lazydog: starting progress_monitor thread ...
2018-04-04 18:07:48,134 - [INFO] - main.lazydog: starting gateway_monitor thread ...
2018-04-04 18:07:48,134 - [INFO] - main.lazydog: Starting server with port 8431 ...
2018-04-04 18:07:48,192 - [INFO] - main.progress_monitor: check project - /data/loginserver_ly with port - 9032 on server: login03-ly
2018-04-04 18:07:48,192 - [INFO] - main.gateway_monitor: check project - /jmserver/ly_gw_001 on server: gate02-ly
2018-04-04 18:07:48,945 - [INFO] - main.disk_monitor: check server: login03-ly
2018-04-04 18:07:49,527 - [INFO] - main.monitor: 严重告警：
    网关服到服务器 ChatServer 的连接已断开！
    
详情：
    服务器：        gate02-ly
    IP地址：        140.143.128.210
    项目路径：       /jmserver/ly_gw_001

2018-04-04 18:07:49,689 - [INFO] - main.disk_monitor: check server: gate02-ly
2018-04-04 18:07:50,325 - [INFO] - main.progress_monitor: check project - /jmserver/ly_gw_001 with port - 9081 on server: gate02-ly
2018-04-04 18:08:21,134 - [INFO] - main.httphandler: Get post data: {'cmd': '1', 'project': '/data/loginserver_ly'} from host: 127.0.0.1
2018-04-04 18:08:35,299 - [INFO] - main.httphandler: Get post data: {'cmd': '2', 'project': '/data/loginserver_ly'} from host: 127.0.0.1
2018-04-04 18:08:51,694 - [INFO] - main.gateway_monitor: check project - /jmserver/ly_gw_001 on server: gate02-ly
2018-04-04 18:08:51,750 - [INFO] - main.monitor: 严重告警：
    服务器不可达！
    
详情：
    服务器：        login03-ly
    IP地址：        127.0.0.1

2018-04-04 18:08:52,792 - [INFO] - main.progress_monitor: check project - /jmserver/ly_gw_001 with port - 9081 on server: gate02-ly
2018-04-04 18:09:52,977 - [INFO] - main.gateway_monitor: check project - /jmserver/ly_gw_001 on server: gate02-ly
2018-04-04 18:09:54,220 - [INFO] - main.progress_monitor: check project - /jmserver/ly_gw_001 with port - 9081 on server: gate02-ly
2018-04-04 18:10:54,260 - [INFO] - main.gateway_monitor: check project - /jmserver/ly_gw_001 on server: gate02-ly
2018-04-04 18:10:55,638 - [INFO] - main.progress_monitor: check project - /jmserver/ly_gw_001 with port - 9081 on server: gate02-ly
2018-04-04 18:11:25,021 - [INFO] - main.lazydog: starting disk_monitor thread ...
2018-04-04 18:11:25,021 - [INFO] - main.monitor: 严重告警：
    服务器不可达！
    
详情：
    服务器：        login03-ly
    IP地址：        127.0.0.1

2018-04-04 18:11:25,022 - [INFO] - main.lazydog: starting progress_monitor thread ...
2018-04-04 18:11:25,022 - [INFO] - main.lazydog: starting gateway_monitor thread ...
2018-04-04 18:11:25,023 - [INFO] - main.lazydog: Starting server with port 8431 ...
2018-04-04 18:11:25,084 - [INFO] - main.gateway_monitor: check project - /jmserver/ly_gw_001 on server: gate02-ly
2018-04-04 18:11:25,088 - [INFO] - main.progress_monitor: check project - /jmserver/ly_gw_001 with port - 9081 on server: gate02-ly
2018-04-04 18:11:26,662 - [INFO] - main.monitor: 严重告警：
    网关服到服务器 ChatServer 的连接已断开！
    
详情：
    服务器：        gate02-ly
    IP地址：        140.143.128.210
    项目路径：       /jmserver/ly_gw_001

2018-04-04 18:11:27,892 - [INFO] - main.disk_monitor: check server: gate02-ly
2018-04-04 18:11:29,956 - [INFO] - main.httphandler: Get post data: {'project': '/data/loginserver_ly', 'cmd': '2'} from host: 127.0.0.1
2018-04-04 18:23:33,373 - [INFO] - main.lazydog: starting disk_monitor thread ...
2018-04-04 18:23:33,374 - [INFO] - main.monitor: 严重告警：
    服务器不可达！
    
详情：
    服务器：        login03-ly
    IP地址：        127.0.0.1

2018-04-04 18:23:33,374 - [INFO] - main.lazydog: starting progress_monitor thread ...
2018-04-04 18:23:33,375 - [INFO] - main.lazydog: starting gateway_monitor thread ...
2018-04-04 18:23:33,376 - [INFO] - main.lazydog: Starting server with port 8431 ...
2018-04-04 18:23:33,439 - [INFO] - main.gateway_monitor: check project - /jmserver/ly_gw_001 on server: gate02-ly
2018-04-04 18:23:33,443 - [INFO] - main.progress_monitor: check project - /jmserver/ly_gw_001 with port - 9081 on server: gate02-ly
2018-04-04 18:23:35,006 - [INFO] - main.monitor: 严重告警：
    网关服到服务器 ChatServer 的连接已断开！
    
详情：
    服务器：        gate02-ly
    IP地址：        140.143.128.210
    项目路径：       /jmserver/ly_gw_001

2018-04-04 18:23:36,012 - [INFO] - main.httphandler: Get post data: {'cmd': '2', 'project': '/data/loginserver_ly'} from host: 127.0.0.1
2018-04-04 18:23:36,308 - [INFO] - main.disk_monitor: check server: gate02-ly
2018-04-04 18:24:35,812 - [INFO] - main.progress_monitor: check project - /jmserver/ly_gw_001 with port - 9081 on server: gate02-ly
2018-04-04 18:24:36,099 - [INFO] - main.gateway_monitor: check project - /jmserver/ly_gw_001 on server: gate02-ly
2018-04-04 18:24:51,651 - [INFO] - main.httphandler: Get post data: {'cmd': '2', 'project': '/data/loginserver_ly'} from host: 127.0.0.1
2018-04-04 18:25:28,954 - [INFO] - main.lazydog: starting disk_monitor thread ...
2018-04-04 18:25:28,955 - [INFO] - main.monitor: 严重告警：
    服务器不可达！
    
详情：
    服务器：        login03-ly
    IP地址：        127.0.0.1

2018-04-04 18:25:28,955 - [INFO] - main.lazydog: starting progress_monitor thread ...
2018-04-04 18:25:28,955 - [INFO] - main.lazydog: starting gateway_monitor thread ...
2018-04-04 18:25:28,956 - [INFO] - main.lazydog: Starting server with port 8431 ...
2018-04-04 18:25:29,019 - [INFO] - main.progress_monitor: check project - /jmserver/ly_gw_001 with port - 9081 on server: gate02-ly
2018-04-04 18:25:29,022 - [INFO] - main.gateway_monitor: check project - /jmserver/ly_gw_001 on server: gate02-ly
2018-04-04 18:25:30,859 - [INFO] - main.httphandler: Get post data: {'cmd': '2', 'project': '/data/loginserver_ly'} from host: 127.0.0.1
2018-04-04 18:25:31,115 - [INFO] - main.monitor: 严重告警：
    网关服到服务器 ChatServer 的连接已断开！
    
详情：
    服务器：        gate02-ly
    IP地址：        140.143.128.210
    项目路径：       /jmserver/ly_gw_001

2018-04-04 18:25:31,728 - [INFO] - main.disk_monitor: check server: gate02-ly
2018-04-04 18:27:06,265 - [INFO] - main.lazydog: starting disk_monitor thread ...
2018-04-04 18:27:06,265 - [INFO] - main.monitor: 严重告警：
    服务器不可达！
    
详情：
    服务器：        login03-ly
    IP地址：        127.0.0.1

2018-04-04 18:27:06,265 - [INFO] - main.lazydog: starting progress_monitor thread ...
2018-04-04 18:27:06,266 - [INFO] - main.lazydog: starting gateway_monitor thread ...
2018-04-04 18:27:06,267 - [INFO] - main.lazydog: Starting server with port 8431 ...
2018-04-04 18:27:06,330 - [INFO] - main.progress_monitor: check project - /jmserver/ly_gw_001 with port - 9081 on server: gate02-ly
2018-04-04 18:27:06,333 - [INFO] - main.gateway_monitor: check project - /jmserver/ly_gw_001 on server: gate02-ly
2018-04-04 18:27:08,508 - [INFO] - main.monitor: 严重告警：
    网关服到服务器 ChatServer 的连接已断开！
    
详情：
    服务器：        gate02-ly
    IP地址：        140.143.128.210
    项目路径：       /jmserver/ly_gw_001

2018-04-04 18:27:08,606 - [INFO] - main.httphandler: Get post data: {'project': '/data/loginserver_ly', 'cmd': '2'} from host: 127.0.0.1
2018-04-04 18:27:09,106 - [INFO] - main.disk_monitor: check server: gate02-ly
2018-04-04 18:28:07,086 - [INFO] - main.lazydog: starting disk_monitor thread ...
2018-04-04 18:28:07,086 - [INFO] - main.monitor: 严重告警：
    服务器不可达！
    
详情：
    服务器：        login03-ly
    IP地址：        127.0.0.1

2018-04-04 18:28:07,086 - [INFO] - main.lazydog: starting progress_monitor thread ...
2018-04-04 18:28:07,087 - [INFO] - main.lazydog: starting gateway_monitor thread ...
2018-04-04 18:28:07,087 - [INFO] - main.lazydog: Starting server with port 8431 ...
2018-04-04 18:28:07,148 - [INFO] - main.progress_monitor: check project - /jmserver/ly_gw_001 with port - 9081 on server: gate02-ly
2018-04-04 18:28:07,151 - [INFO] - main.gateway_monitor: check project - /jmserver/ly_gw_001 on server: gate02-ly
2018-04-04 18:28:08,931 - [INFO] - main.httphandler: Get post data: {'cmd': '2', 'project': '/data/loginserver_ly'} from host: 127.0.0.1
2018-04-04 18:28:09,205 - [INFO] - main.monitor: 严重告警：
    网关服到服务器 ChatServer 的连接已断开！
    
详情：
    服务器：        gate02-ly
    IP地址：        140.143.128.210
    项目路径：       /jmserver/ly_gw_001

2018-04-04 18:28:09,825 - [INFO] - main.disk_monitor: check server: gate02-ly
2018-04-04 18:28:49,193 - [INFO] - main.lazydog: starting disk_monitor thread ...
2018-04-04 18:28:49,193 - [INFO] - main.monitor: 严重告警：
    服务器不可达！
    
详情：
    服务器：        login03-ly
    IP地址：        127.0.0.1

2018-04-04 18:28:49,193 - [INFO] - main.lazydog: starting progress_monitor thread ...
2018-04-04 18:28:49,194 - [INFO] - main.lazydog: starting gateway_monitor thread ...
2018-04-04 18:28:49,195 - [INFO] - main.lazydog: Starting server with port 8431 ...
2018-04-04 18:28:49,259 - [INFO] - main.progress_monitor: check project - /jmserver/ly_gw_001 with port - 9081 on server: gate02-ly
2018-04-04 18:28:49,260 - [INFO] - main.gateway_monitor: check project - /jmserver/ly_gw_001 on server: gate02-ly
2018-04-04 18:28:50,795 - [INFO] - main.httphandler: Get post data: {'cmd': '2', 'project': '/data/loginserver_ly'} from host: 127.0.0.1
2018-04-04 18:28:51,408 - [INFO] - main.monitor: 严重告警：
    网关服到服务器 ChatServer 的连接已断开！
    
详情：
    服务器：        gate02-ly
    IP地址：        140.143.128.210
    项目路径：       /jmserver/ly_gw_001

2018-04-04 18:28:52,015 - [INFO] - main.disk_monitor: check server: gate02-ly
2018-04-04 18:29:40,872 - [INFO] - main.lazydog: starting disk_monitor thread ...
2018-04-04 18:29:40,872 - [INFO] - main.monitor: 严重告警：
    服务器不可达！
    
详情：
    服务器：        login03-ly
    IP地址：        127.0.0.1

2018-04-04 18:29:40,872 - [INFO] - main.lazydog: starting progress_monitor thread ...
2018-04-04 18:29:40,873 - [INFO] - main.lazydog: starting gateway_monitor thread ...
2018-04-04 18:29:40,874 - [INFO] - main.lazydog: Starting server with port 8431 ...
2018-04-04 18:29:40,936 - [INFO] - main.progress_monitor: check project - /jmserver/ly_gw_001 with port - 9081 on server: gate02-ly
2018-04-04 18:29:40,937 - [INFO] - main.gateway_monitor: check project - /jmserver/ly_gw_001 on server: gate02-ly
2018-04-04 18:29:42,713 - [INFO] - main.httphandler: Get post data: {'cmd': '2', 'project': '/data/loginserver_ly'} from host: 127.0.0.1
2018-04-04 18:29:42,999 - [INFO] - main.monitor: 严重告警：
    网关服到服务器 ChatServer 的连接已断开！
    
详情：
    服务器：        gate02-ly
    IP地址：        140.143.128.210
    项目路径：       /jmserver/ly_gw_001

2018-04-04 18:29:43,620 - [INFO] - main.disk_monitor: check server: gate02-ly
2018-04-04 18:30:53,115 - [INFO] - main.lazydog: starting disk_monitor thread ...
2018-04-04 18:30:53,116 - [INFO] - main.monitor: 严重告警：
    服务器不可达！
    
详情：
    服务器：        login03-ly
    IP地址：        127.0.0.1

2018-04-04 18:30:53,116 - [INFO] - main.lazydog: starting progress_monitor thread ...
2018-04-04 18:30:53,116 - [INFO] - main.lazydog: starting gateway_monitor thread ...
2018-04-04 18:30:53,117 - [INFO] - main.lazydog: Starting server with port 8431 ...
2018-04-04 18:30:53,181 - [INFO] - main.gateway_monitor: check project - /jmserver/ly_gw_001 on server: gate02-ly
2018-04-04 18:30:53,185 - [INFO] - main.progress_monitor: check project - /jmserver/ly_gw_001 with port - 9081 on server: gate02-ly
2018-04-04 18:30:54,748 - [INFO] - main.monitor: 严重告警：
    网关服到服务器 ChatServer 的连接已断开！
    
详情：
    服务器：        gate02-ly
    IP地址：        140.143.128.210
    项目路径：       /jmserver/ly_gw_001

2018-04-04 18:30:54,922 - [INFO] - main.httphandler: Get post data: {'project': '/data/loginserver_ly', 'cmd': '2'} from host: 127.0.0.1
2018-04-04 18:30:56,245 - [INFO] - main.disk_monitor: check server: gate02-ly
2018-04-04 18:31:16,755 - [INFO] - main.lazydog: starting disk_monitor thread ...
2018-04-04 18:31:16,756 - [INFO] - main.monitor: 严重告警：
    服务器不可达！
    
详情：
    服务器：        login03-ly
    IP地址：        127.0.0.1

2018-04-04 18:31:16,756 - [INFO] - main.lazydog: starting progress_monitor thread ...
2018-04-04 18:31:16,757 - [INFO] - main.lazydog: starting gateway_monitor thread ...
2018-04-04 18:31:16,757 - [INFO] - main.lazydog: Starting server with port 8431 ...
2018-04-04 18:31:16,820 - [INFO] - main.progress_monitor: check project - /jmserver/ly_gw_001 with port - 9081 on server: gate02-ly
2018-04-04 18:31:16,823 - [INFO] - main.gateway_monitor: check project - /jmserver/ly_gw_001 on server: gate02-ly
2018-04-04 18:31:18,844 - [INFO] - main.httphandler: Get post data: {'cmd': '2', 'project': '/data/loginserver_ly'} from host: 127.0.0.1
2018-04-04 18:31:18,948 - [INFO] - main.monitor: 严重告警：
    网关服到服务器 ChatServer 的连接已断开！
    
详情：
    服务器：        gate02-ly
    IP地址：        140.143.128.210
    项目路径：       /jmserver/ly_gw_001

2018-04-04 18:31:19,565 - [INFO] - main.disk_monitor: check server: gate02-ly
2018-04-04 18:31:27,951 - [INFO] - main.lazydog: starting disk_monitor thread ...
2018-04-04 18:31:27,951 - [INFO] - main.monitor: 严重告警：
    服务器不可达！
    
详情：
    服务器：        login03-ly
    IP地址：        127.0.0.1

2018-04-04 18:31:27,952 - [INFO] - main.lazydog: starting progress_monitor thread ...
2018-04-04 18:31:27,952 - [INFO] - main.lazydog: starting gateway_monitor thread ...
2018-04-04 18:31:27,953 - [INFO] - main.lazydog: Starting server with port 8431 ...
2018-04-04 18:31:28,018 - [INFO] - main.progress_monitor: check project - /jmserver/ly_gw_001 with port - 9081 on server: gate02-ly
2018-04-04 18:31:28,021 - [INFO] - main.gateway_monitor: check project - /jmserver/ly_gw_001 on server: gate02-ly
2018-04-04 18:31:30,205 - [INFO] - main.monitor: 严重告警：
    网关服到服务器 ChatServer 的连接已断开！
    
详情：
    服务器：        gate02-ly
    IP地址：        140.143.128.210
    项目路径：       /jmserver/ly_gw_001

2018-04-04 18:31:30,822 - [INFO] - main.disk_monitor: check server: gate02-ly
2018-04-04 18:34:46,995 - [INFO] - main.lazydog: starting disk_monitor thread ...
2018-04-04 18:34:46,996 - [INFO] - main.monitor: 严重告警：
    服务器不可达！
    
详情：
    服务器：        login03-ly
    IP地址：        127.0.0.1

2018-04-04 18:34:46,996 - [INFO] - main.lazydog: starting progress_monitor thread ...
2018-04-04 18:34:46,996 - [INFO] - main.lazydog: starting gateway_monitor thread ...
2018-04-04 18:34:46,997 - [INFO] - main.lazydog: Starting server with port 8431 ...
2018-04-04 18:34:47,061 - [INFO] - main.gateway_monitor: check project - /jmserver/ly_gw_001 on server: gate02-ly
2018-04-04 18:34:47,065 - [INFO] - main.progress_monitor: check project - /jmserver/ly_gw_001 with port - 9081 on server: gate02-ly
2018-04-04 18:34:48,644 - [INFO] - main.monitor: 严重告警：
    网关服到服务器 ChatServer 的连接已断开！
    
详情：
    服务器：        gate02-ly
    IP地址：        140.143.128.210
    项目路径：       /jmserver/ly_gw_001

2018-04-04 18:34:49,621 - [INFO] - main.httphandler: Get post data: {'project': '/data/loginserver_ly', 'cmd': '2'} from host: 127.0.0.1
2018-04-04 18:34:49,911 - [INFO] - main.disk_monitor: check server: gate02-ly
2018-04-04 18:35:49,415 - [INFO] - main.progress_monitor: check project - /jmserver/ly_gw_001 with port - 9081 on server: gate02-ly
2018-04-04 18:35:49,677 - [INFO] - main.gateway_monitor: check project - /jmserver/ly_gw_001 on server: gate02-ly
2018-04-04 18:36:51,262 - [INFO] - main.gateway_monitor: check project - /jmserver/ly_gw_001 on server: gate02-ly
2018-04-04 18:36:51,331 - [INFO] - main.progress_monitor: check project - /jmserver/ly_gw_001 with port - 9081 on server: gate02-ly
2018-04-05 12:35:44,432-[ERROR]-main.config@line 82: load config file error! details:
object() takes no parameters
2018-04-05 12:38:43,685-[ERROR]-main.config@line 82: load config file error! details:
object() takes no parameters
2018-04-05 12:45:05,432-[ERROR]-main.config@line 83: load config file error! details:
object() takes no parameters
2018-04-05 12:45:56,921-[ERROR]-main.config@line 83: load config file error! details:
object() takes no parameters
2018-04-05 12:51:12,903-[ERROR]-main.config@line 83: load config file error! details:
object() takes no parameters
2018-04-05 12:53:53,180-[ERROR]-main.config@line 83: load config file error! details:
object() takes no parameters
2018-04-05 13:19:06,059-[ERROR]-main.config@line 88: load config file error! details:
object() takes no parameters
2018-04-05 13:21:50,799 - [ERROR] - main.config: load config file error! details:
object() takes no parameters
2018-04-05 13:34:11,090 - [INFO] - main.lazydog: starting disk_monitor thread ...
2018-04-05 13:34:11,091 - [INFO] - main.monitor: 严重告警：
    服务器不可达！

详情：
    服务器：        login03-ly
    IP地址：        127.0.0.1

2018-04-05 13:34:11,091 - [INFO] - main.lazydog: starting progress_monitor thread ...
2018-04-05 13:34:11,092 - [INFO] - main.lazydog: starting gateway_monitor thread ...
2018-04-05 13:34:11,092 - [INFO] - main.lazydog: Starting server with port 8431 ...
2018-04-05 13:34:46,096 - [INFO] - main.lazydog: starting disk_monitor thread ...
2018-04-05 13:34:46,096 - [INFO] - main.monitor: 严重告警：
    服务器不可达！

详情：
    服务器：        login03-ly
    IP地址：        127.0.0.1

2018-04-05 13:34:46,096 - [INFO] - main.lazydog: starting progress_monitor thread ...
2018-04-05 13:34:46,098 - [INFO] - main.lazydog: starting gateway_monitor thread ...
2018-04-05 13:34:46,098 - [INFO] - main.lazydog: Starting server with port 8431 ...
2018-04-05 13:34:46,160 - [INFO] - main.gateway_monitor: check project - /jmserver/ly_gw_001 on server: gate02-ly
2018-04-05 13:34:46,160 - [INFO] - main.progress_monitor: check project - /jmserver/ly_gw_001 with port - 9081 on server: gate02-ly
2018-04-05 13:34:57,417 - [INFO] - main.lazydog: starting disk_monitor thread ...
2018-04-05 13:34:57,418 - [INFO] - main.monitor: 严重告警：
    服务器不可达！

详情：
    服务器：        login03-ly
    IP地址：        127.0.0.1

2018-04-05 13:34:57,418 - [INFO] - main.lazydog: starting progress_monitor thread ...
2018-04-05 13:34:57,419 - [INFO] - main.lazydog: starting gateway_monitor thread ...
2018-04-05 13:34:57,420 - [INFO] - main.lazydog: Starting server with port 8431 ...
2018-04-05 13:38:40,850 - [INFO] - main.lazydog: starting disk_monitor thread ...
2018-04-05 13:38:40,850 - [INFO] - main.monitor: 严重告警：
    服务器不可达！

详情：
    服务器：        login03-ly
    IP地址：        127.0.0.1

2018-04-05 13:38:40,850 - [INFO] - main.lazydog: starting progress_monitor thread ...
2018-04-05 13:38:40,851 - [INFO] - main.lazydog: starting gateway_monitor thread ...
2018-04-05 13:38:40,852 - [INFO] - main.lazydog: Starting server with port 8431 ...
2018-04-05 13:47:42,956 - [INFO] - main.lazydog: starting disk_monitor thread ...
2018-04-05 13:47:42,957 - [INFO] - main.monitor: 严重告警：
    服务器不可达！

详情：
    服务器：        login03-ly
    IP地址：        127.0.0.1

2018-04-05 13:47:42,957 - [INFO] - main.lazydog: starting progress_monitor thread ...
2018-04-05 13:47:42,958 - [INFO] - main.lazydog: starting gateway_monitor thread ...
2018-04-05 13:47:42,958 - [INFO] - main.lazydog: Starting server with port 8431 ...
2018-04-05 13:51:12,793 - [INFO] - main.lazydog: starting disk_monitor thread ...
2018-04-05 13:51:12,794 - [INFO] - main.monitor: 严重告警：
    服务器不可达！

详情：
    服务器：        login03-ly
    IP地址：        127.0.0.1

2018-04-05 13:51:12,794 - [INFO] - main.lazydog: starting progress_monitor thread ...
2018-04-05 13:51:12,795 - [INFO] - main.lazydog: starting gateway_monitor thread ...
2018-04-05 13:51:12,795 - [INFO] - main.lazydog: Starting server with port 8431 ...
2018-04-05 14:05:21,755 - [INFO] - main.lazydog: starting disk_monitor thread ...
2018-04-05 14:05:21,756 - [INFO] - main.monitor: 严重告警：
    服务器不可达！

详情：
    服务器：        login03-ly
    IP地址：        127.0.0.1

2018-04-05 14:05:21,756 - [INFO] - main.lazydog: starting progress_monitor thread ...
2018-04-05 14:05:21,757 - [INFO] - main.lazydog: starting gateway_monitor thread ...
2018-04-05 14:05:21,758 - [INFO] - main.lazydog: Starting server with port 8431 ...
2018-04-05 14:14:01,545 - [INFO] - main.lazydog: starting disk_monitor thread ...
2018-04-05 14:14:01,546 - [INFO] - main.monitor: 严重告警：
    服务器不可达！

详情：
    服务器：        login03-ly
    IP地址：        127.0.0.1

2018-04-05 14:14:01,546 - [INFO] - main.lazydog: starting progress_monitor thread ...
2018-04-05 14:14:01,547 - [INFO] - main.lazydog: starting gateway_monitor thread ...
2018-04-05 14:14:01,560 - [INFO] - main.lazydog: Starting server with port 8431 ...
2018-04-05 14:24:43,052 - [INFO] - main.lazydog: starting disk_monitor thread ...
2018-04-05 14:24:43,053 - [INFO] - main.monitor: 严重告警：
    服务器不可达！

详情：
    服务器：        login03-ly
    IP地址：        127.0.0.1

2018-04-05 14:24:43,053 - [INFO] - main.lazydog: starting progress_monitor thread ...
2018-04-05 14:24:43,054 - [INFO] - main.lazydog: starting gateway_monitor thread ...
2018-04-05 14:24:43,055 - [INFO] - main.lazydog: Starting server with port 8431 ...
2018-04-05 15:29:49,934 - [INFO] - main.lazydog: starting disk_monitor thread ...
2018-04-05 15:29:49,934 - [INFO] - main.monitor: 严重告警：
    服务器不可达！

详情：
    服务器：        login03-ly
    IP地址：        127.0.0.1

2018-04-05 15:29:49,935 - [INFO] - main.lazydog: starting progress_monitor thread ...
2018-04-05 15:29:49,935 - [INFO] - main.lazydog: starting gateway_monitor thread ...
2018-04-05 15:46:57,479 - [INFO] - main.lazydog: starting disk_monitor thread ...
2018-04-05 15:46:57,480 - [INFO] - main.monitor: 严重告警：
    服务器不可达！

详情：
    服务器：        login03-ly
    IP地址：        127.0.0.1

2018-04-05 15:46:57,480 - [INFO] - main.lazydog: starting progress_monitor thread ...
2018-04-05 15:46:57,481 - [INFO] - main.lazydog: starting gateway_monitor thread ...
2018-04-05 15:51:48,810 - [INFO] - main.lazydog: starting disk_monitor thread ...
2018-04-05 15:51:48,811 - [INFO] - main.monitor: 严重告警：
    服务器不可达！

详情：
    服务器：        login03-ly
    IP地址：        127.0.0.1

2018-04-05 15:51:48,811 - [INFO] - main.lazydog: starting progress_monitor thread ...
2018-04-05 15:51:48,812 - [INFO] - main.lazydog: starting gateway_monitor thread ...
2018-04-05 15:51:48,813 - [INFO] - main.httpd: Starting http sever with port: 8431
2018-04-05 16:54:08,714 - [INFO] - main.lazydog: starting disk_monitor thread ...
2018-04-05 16:54:08,715 - [INFO] - main.monitor: 严重告警：
    服务器不可达！

详情：
    服务器：        login03-ly
    IP地址：        127.0.0.1

2018-04-05 16:54:08,715 - [INFO] - main.lazydog: starting progress_monitor thread ...
2018-04-05 16:54:08,716 - [INFO] - main.lazydog: starting gateway_monitor thread ...
2018-04-05 16:54:08,717 - [INFO] - main.httpd: Starting http sever with port: 8431
2018-04-05 16:54:21,487 - [INFO] - main.lazydog: starting disk_monitor thread ...
2018-04-05 16:54:21,487 - [INFO] - main.monitor: 严重告警：
    服务器不可达！

详情：
    服务器：        login03-ly
    IP地址：        127.0.0.1

2018-04-05 16:54:21,488 - [INFO] - main.lazydog: starting progress_monitor thread ...
2018-04-05 16:54:21,489 - [INFO] - main.lazydog: starting gateway_monitor thread ...
2018-04-05 16:54:21,490 - [INFO] - main.httpd: Starting http sever with port: 8431
2018-04-05 16:54:21,558 - [INFO] - main.progress_monitor: check project - /jmserver/ly_gw_001 with port - 9081 on server: gate02-ly
2018-04-05 16:54:21,559 - [INFO] - main.gateway_monitor: check project - /jmserver/ly_gw_001 on server: gate02-ly
2018-04-05 16:54:27,170 - [INFO] - main.monitor: 严重告警：
    网关服到服务器 ChatServer 的连接已断开！

详情：
    服务器：        gate02-ly
    IP地址：        140.143.128.210
    项目路径：       /jmserver/ly_gw_001

2018-04-05 16:54:31,435 - [INFO] - main.disk_monitor: check server: gate02-ly
2018-04-05 16:54:50,338 - [INFO] - main.httpd: Get post data: {'cmd': '1'} from host: 127.0.0.1
2018-04-05 16:55:28,274 - [INFO] - main.gateway_monitor: check project - /jmserver/ly_gw_001 on server: gate02-ly
2018-04-05 17:06:15,293 - [INFO] - main.lazydog: starting disk_monitor thread ...
2018-04-05 17:06:15,294 - [INFO] - main.monitor: 严重告警：
    服务器不可达！

详情：
    服务器：        login03-ly
    IP地址：        127.0.0.1

2018-04-05 17:06:15,294 - [INFO] - main.lazydog: starting progress_monitor thread ...
2018-04-05 17:06:15,295 - [INFO] - main.lazydog: starting gateway_monitor thread ...
2018-04-05 17:06:15,296 - [INFO] - main.httpd: Starting http sever with port: 8431
2018-04-05 17:06:15,358 - [INFO] - main.progress_monitor: check project - /jmserver/ly_gw_001 with port - 9081 on server: gate02-ly
2018-04-05 17:06:15,359 - [INFO] - main.gateway_monitor: check project - /jmserver/ly_gw_001 on server: gate02-ly
2018-04-05 17:06:25,767 - [INFO] - main.monitor: 严重告警：
    网关服到服务器 ChatServer 的连接已断开！

详情：
    服务器：        gate02-ly
    IP地址：        140.143.128.210
    项目路径：       /jmserver/ly_gw_001

2018-04-05 17:06:29,993 - [INFO] - main.disk_monitor: check server: gate02-ly
2018-04-05 17:07:23,730 - [INFO] - main.httpd: Get post data: {'cmd': '2', 'project': '/data/login_server_ly'} from host: 127.0.0.1
2018-04-05 17:07:26,923 - [INFO] - main.gateway_monitor: check project - /jmserver/ly_gw_001 on server: gate02-ly
2018-04-05 17:07:34,768 - [INFO] - main.progress_monitor: check project - /jmserver/ly_gw_001 with port - 9081 on server: gate02-ly
2018-04-05 17:08:21,283 - [INFO] - main.httpd: Get post data: {'cmd': '2', 'project': '/data/login_server_ly'} from host: 127.0.0.1
2018-04-05 17:08:32,483 - [INFO] - main.gateway_monitor: check project - /jmserver/ly_gw_001 on server: gate02-ly
2018-04-05 17:08:38,489 - [INFO] - main.progress_monitor: check project - /jmserver/ly_gw_001 with port - 9081 on server: gate02-ly
2018-04-05 17:11:03,816 - [INFO] - main.lazydog: starting disk_monitor thread ...
2018-04-05 17:11:03,817 - [INFO] - main.monitor: 严重告警：
    服务器不可达！

详情：
    服务器：        login03-ly
    IP地址：        127.0.0.1

2018-04-05 17:11:03,817 - [INFO] - main.lazydog: starting progress_monitor thread ...
2018-04-05 17:11:03,818 - [INFO] - main.lazydog: starting gateway_monitor thread ...
2018-04-05 17:11:03,818 - [INFO] - main.httpd: Starting http sever with port: 8431
2018-04-05 17:11:03,882 - [INFO] - main.gateway_monitor: check project - /jmserver/ly_gw_001 on server: gate02-ly
2018-04-05 17:11:03,883 - [INFO] - main.progress_monitor: check project - /jmserver/ly_gw_001 with port - 9081 on server: gate02-ly
2018-04-05 17:11:06,923 - [INFO] - main.httpd: Get post data: {'project': '/data/login_server_ly', 'cmd': '2'} from host: 127.0.0.1
2018-04-05 17:11:08,402 - [INFO] - main.monitor: 严重告警：
    网关服到服务器 ChatServer 的连接已断开！

详情：
    服务器：        gate02-ly
    IP地址：        140.143.128.210
    项目路径：       /jmserver/ly_gw_001

2018-04-05 17:11:10,354 - [INFO] - main.disk_monitor: check server: gate02-ly
2018-04-05 17:14:48,462 - [INFO] - main.lazydog: starting disk_monitor thread ...
2018-04-05 17:14:48,462 - [INFO] - main.monitor: 严重告警：
    服务器不可达！

详情：
    服务器：        login03-ly
    IP地址：        127.0.0.1

2018-04-05 17:14:48,463 - [INFO] - main.lazydog: starting progress_monitor thread ...
2018-04-05 17:14:48,463 - [INFO] - main.lazydog: starting gateway_monitor thread ...
2018-04-05 17:14:48,464 - [INFO] - main.httpd: Starting http sever with port: 8431
2018-04-05 17:14:48,527 - [INFO] - main.gateway_monitor: check project - /jmserver/ly_gw_001 on server: gate02-ly
2018-04-05 17:14:48,527 - [INFO] - main.progress_monitor: check project - /jmserver/ly_gw_001 with port - 9081 on server: gate02-ly
2018-04-05 17:14:50,961 - [INFO] - main.monitor: 严重告警：
    网关服到服务器 ChatServer 的连接已断开！

详情：
    服务器：        gate02-ly
    IP地址：        140.143.128.210
    项目路径：       /jmserver/ly_gw_001

2018-04-05 17:14:51,737 - [INFO] - main.httpd: Get post data: {'project': '/data/login_server_ly', 'cmd': '2'} from host: 127.0.0.1
2018-04-05 17:14:53,091 - [INFO] - main.disk_monitor: check server: gate02-ly
2018-04-05 17:15:35,618 - [INFO] - main.httpd: Get post data: {'project': '/data/login_server_ly', 'cmd': '2'} from host: 127.0.0.1
2018-04-05 17:15:52,137 - [INFO] - main.gateway_monitor: check project - /jmserver/ly_gw_001 on server: gate02-ly
2018-04-05 17:15:53,931 - [INFO] - main.progress_monitor: check project - /jmserver/ly_gw_001 with port - 9081 on server: gate02-ly
2018-04-05 17:17:13,462 - [INFO] - main.lazydog: starting disk_monitor thread ...
2018-04-05 17:17:13,463 - [INFO] - main.monitor: 严重告警：
    服务器不可达！

详情：
    服务器：        login03-ly
    IP地址：        127.0.0.1

2018-04-05 17:17:13,463 - [INFO] - main.lazydog: starting progress_monitor thread ...
2018-04-05 17:17:13,464 - [INFO] - main.lazydog: starting gateway_monitor thread ...
2018-04-05 17:17:13,464 - [INFO] - main.httpd: Starting http sever with port: 8431
2018-04-05 17:17:13,527 - [INFO] - main.gateway_monitor: check project - /jmserver/ly_gw_001 on server: gate02-ly
2018-04-05 17:17:13,528 - [INFO] - main.progress_monitor: check project - /jmserver/ly_gw_001 with port - 9081 on server: gate02-ly
2018-04-05 17:17:16,819 - [INFO] - main.httpd: Get post data: {'cmd': '2', 'project': '/data/login_server_ly'} from host: 127.0.0.1
2018-04-05 17:17:17,191 - [INFO] - main.monitor: 严重告警：
    网关服到服务器 ChatServer 的连接已断开！

详情：
    服务器：        gate02-ly
    IP地址：        140.143.128.210
    项目路径：       /jmserver/ly_gw_001

2018-04-05 17:17:19,145 - [INFO] - main.disk_monitor: check server: gate02-ly
2018-04-05 17:19:32,477 - [INFO] - main.lazydog: starting disk_monitor thread ...
2018-04-05 17:19:32,478 - [INFO] - main.monitor: 严重告警：
    服务器不可达！

详情：
    服务器：        login03-ly
    IP地址：        127.0.0.1

2018-04-05 17:19:32,478 - [INFO] - main.lazydog: starting progress_monitor thread ...
2018-04-05 17:19:32,479 - [INFO] - main.lazydog: starting gateway_monitor thread ...
2018-04-05 17:19:32,480 - [INFO] - main.httpd: Starting http sever with port: 8431
2018-04-05 17:19:32,553 - [INFO] - main.gateway_monitor: check project - /jmserver/ly_gw_001 on server: gate02-ly
2018-04-05 17:19:32,553 - [INFO] - main.progress_monitor: check project - /jmserver/ly_gw_001 with port - 9081 on server: gate02-ly
2018-04-05 17:19:37,139 - [INFO] - main.httpd: Get post data: {'cmd': '2', 'project': '/data/login_server_ly'} from host: 127.0.0.1
2018-04-05 17:19:38,133 - [INFO] - main.monitor: 严重告警：
    网关服到服务器 ChatServer 的连接已断开！

详情：
    服务器：        gate02-ly
    IP地址：        140.143.128.210
    项目路径：       /jmserver/ly_gw_001

2018-04-05 17:19:44,069 - [INFO] - main.disk_monitor: check server: gate02-ly
2018-04-05 17:20:12,260 - [INFO] - main.httpd: Get post data: {'cmd': '2', 'project': '/data/login_server_ly'} from host: 127.0.0.1
2018-04-05 17:21:47,868 - [INFO] - main.lazydog: starting disk_monitor thread ...
2018-04-05 17:21:47,869 - [INFO] - main.monitor: 严重告警：
    服务器不可达！

详情：
    服务器：        login03-ly
    IP地址：        127.0.0.1

2018-04-05 17:21:47,869 - [INFO] - main.lazydog: starting progress_monitor thread ...
2018-04-05 17:21:47,870 - [INFO] - main.lazydog: starting gateway_monitor thread ...
2018-04-05 17:21:47,870 - [INFO] - main.httpd: Starting http sever with port: 8431
2018-04-05 17:21:47,933 - [INFO] - main.progress_monitor: check project - /jmserver/ly_gw_001 with port - 9081 on server: gate02-ly
2018-04-05 17:21:47,933 - [INFO] - main.gateway_monitor: check project - /jmserver/ly_gw_001 on server: gate02-ly
2018-04-05 17:21:50,703 - [INFO] - main.httpd: Get post data: {'project': '/data/login_server_ly', 'cmd': '2'} from host: 127.0.0.1
2018-04-05 17:21:58,220 - [INFO] - main.monitor: 严重告警：
    网关服到服务器 ChatServer 的连接已断开！

详情：
    服务器：        gate02-ly
    IP地址：        140.143.128.210
    项目路径：       /jmserver/ly_gw_001

2018-04-05 17:22:01,443 - [INFO] - main.disk_monitor: check server: gate02-ly
2018-04-05 17:22:04,921 - [INFO] - main.httpd: Get post data: {'project': '/data/login_server_ly', 'cmd': '2'} from host: 127.0.0.1
2018-04-05 17:22:50,681 - [INFO] - main.lazydog: starting disk_monitor thread ...
2018-04-05 17:22:50,682 - [INFO] - main.monitor: 严重告警：
    服务器不可达！

详情：
    服务器：        login03-ly
    IP地址：        127.0.0.1

2018-04-05 17:22:50,682 - [INFO] - main.lazydog: starting progress_monitor thread ...
2018-04-05 17:22:50,683 - [INFO] - main.lazydog: starting gateway_monitor thread ...
2018-04-05 17:22:50,684 - [INFO] - main.httpd: Starting http sever with port: 8431
2018-04-05 17:22:50,746 - [INFO] - main.gateway_monitor: check project - /jmserver/ly_gw_001 on server: gate02-ly
2018-04-05 17:22:50,746 - [INFO] - main.progress_monitor: check project - /jmserver/ly_gw_001 with port - 9081 on server: gate02-ly
2018-04-05 17:22:53,231 - [INFO] - main.httpd: Get post data: {'cmd': '2', 'project': '/data/login_server_ly'} from host: 127.0.0.1
2018-04-05 17:22:56,288 - [INFO] - main.monitor: 严重告警：
    网关服到服务器 ChatServer 的连接已断开！

详情：
    服务器：        gate02-ly
    IP地址：        140.143.128.210
    项目路径：       /jmserver/ly_gw_001

2018-04-05 17:25:59,125 - [INFO] - main.lazydog: starting disk_monitor thread ...
2018-04-05 17:25:59,126 - [INFO] - main.monitor: 严重告警：
    服务器不可达！

详情：
    服务器：        login03-ly
    IP地址：        127.0.0.1

2018-04-05 17:25:59,126 - [INFO] - main.lazydog: starting progress_monitor thread ...
2018-04-05 17:25:59,127 - [INFO] - main.lazydog: starting gateway_monitor thread ...
2018-04-05 17:25:59,127 - [INFO] - main.httpd: Starting http sever with port: 8431
2018-04-05 17:25:59,193 - [INFO] - main.progress_monitor: check project - /jmserver/ly_gw_001 with port - 9081 on server: gate02-ly
2018-04-05 17:25:59,194 - [INFO] - main.gateway_monitor: check project - /jmserver/ly_gw_001 on server: gate02-ly
2018-04-05 17:26:01,698 - [INFO] - main.httpd: Get post data: {'cmd': '2', 'project': '/data/login_server_ly'} from host: 127.0.0.1
2018-04-05 17:26:04,739 - [INFO] - main.monitor: 严重告警：
    网关服到服务器 ChatServer 的连接已断开！

详情：
    服务器：        gate02-ly
    IP地址：        140.143.128.210
    项目路径：       /jmserver/ly_gw_001

2018-04-05 17:26:04,985 - [INFO] - main.disk_monitor: check server: gate02-ly
2018-04-05 17:29:21,201 - [INFO] - main.lazydog: starting disk_monitor thread ...
2018-04-05 17:29:21,201 - [INFO] - main.monitor: 严重告警：
    服务器不可达！

详情：
    服务器：        login03-ly
    IP地址：        127.0.0.1

2018-04-05 17:29:21,202 - [INFO] - main.lazydog: starting progress_monitor thread ...
2018-04-05 17:29:21,203 - [INFO] - main.lazydog: starting gateway_monitor thread ...
2018-04-05 17:29:21,203 - [INFO] - main.httpd: Starting http sever with port: 8431
2018-04-05 17:29:21,266 - [INFO] - main.progress_monitor: check project - /jmserver/ly_gw_001 with port - 9081 on server: gate02-ly
2018-04-05 17:29:21,266 - [INFO] - main.gateway_monitor: check project - /jmserver/ly_gw_001 on server: gate02-ly
2018-04-05 17:29:24,313 - [INFO] - main.httpd: Get post data: {'project': '/data/login_server_ly', 'cmd': '2'} from host: 127.0.0.1
2018-04-05 17:29:28,715 - [INFO] - main.monitor: 严重告警：
    网关服到服务器 ChatServer 的连接已断开！

详情：
    服务器：        gate02-ly
    IP地址：        140.143.128.210
    项目路径：       /jmserver/ly_gw_001

2018-04-05 17:29:32,924 - [INFO] - main.disk_monitor: check server: gate02-ly
2018-04-05 17:29:39,419 - [INFO] - main.httpd: Get post data: {'project': '/data/login_server_ly', 'cmd': '2'} from host: 127.0.0.1
2018-04-05 17:30:14,852 - [INFO] - main.lazydog: starting disk_monitor thread ...
2018-04-05 17:30:14,853 - [INFO] - main.monitor: 严重告警：
    服务器不可达！

详情：
    服务器：        login03-ly
    IP地址：        127.0.0.1

2018-04-05 17:30:14,853 - [INFO] - main.lazydog: starting progress_monitor thread ...
2018-04-05 17:30:14,854 - [INFO] - main.lazydog: starting gateway_monitor thread ...
2018-04-05 17:30:14,854 - [INFO] - main.httpd: Starting http sever with port: 8431
2018-04-05 17:30:14,918 - [INFO] - main.gateway_monitor: check project - /jmserver/ly_gw_001 on server: gate02-ly
2018-04-05 17:30:14,918 - [INFO] - main.progress_monitor: check project - /jmserver/ly_gw_001 with port - 9081 on server: gate02-ly
2018-04-05 17:30:17,710 - [INFO] - main.httpd: Get post data: {'project': '/data/login_server_ly', 'cmd': '2'} from host: 127.0.0.1
2018-04-05 17:30:18,437 - [INFO] - main.monitor: 严重告警：
    网关服到服务器 ChatServer 的连接已断开！

详情：
    服务器：        gate02-ly
    IP地址：        140.143.128.210
    项目路径：       /jmserver/ly_gw_001

2018-04-05 17:30:21,537 - [INFO] - main.disk_monitor: check server: gate02-ly
2018-04-05 17:30:25,456 - [INFO] - main.httpd: Get post data: {'project': '/data/login_server_ly', 'cmd': '2'} from host: 127.0.0.1
2018-04-05 17:34:20,281 - [INFO] - main.lazydog: starting disk_monitor thread ...
2018-04-05 17:34:20,282 - [INFO] - main.monitor: 严重告警：
    服务器不可达！

详情：
    服务器：        login03-ly
    IP地址：        127.0.0.1

2018-04-05 17:34:20,282 - [INFO] - main.lazydog: starting progress_monitor thread ...
2018-04-05 17:34:20,283 - [INFO] - main.lazydog: starting gateway_monitor thread ...
2018-04-05 17:34:20,284 - [INFO] - main.httpd: Starting http sever with port: 8431
2018-04-05 17:34:20,349 - [INFO] - main.progress_monitor: check project - /jmserver/ly_gw_001 with port - 9081 on server: gate02-ly
2018-04-05 17:34:20,350 - [INFO] - main.gateway_monitor: check project - /jmserver/ly_gw_001 on server: gate02-ly
2018-04-05 17:34:22,941 - [INFO] - main.httpd: Get post data: {'project': '/data/login_server_ly', 'cmd': '2'} from host: 127.0.0.1
2018-04-05 17:34:30,639 - [INFO] - main.monitor: 严重告警：
    网关服到服务器 ChatServer 的连接已断开！

详情：
    服务器：        gate02-ly
    IP地址：        140.143.128.210
    项目路径：       /jmserver/ly_gw_001

2018-04-05 17:37:04,216 - [INFO] - main.lazydog: starting disk_monitor thread ...
2018-04-05 17:37:04,217 - [INFO] - main.lazydog: starting progress_monitor thread ...
2018-04-05 17:37:04,217 - [INFO] - main.lazydog: starting gateway_monitor thread ...
2018-04-05 17:37:04,217 - [INFO] - main.httpd: Starting http sever with port: 8431
2018-04-05 17:37:04,403 - [INFO] - main.gateway_monitor: check project - /jmserver/ly_gw_001 on server: gate02-ly
2018-04-05 17:37:04,403 - [INFO] - main.progress_monitor: check project - /data/loginserver_ly with port - 9032 on server: login03-ly
2018-04-05 17:37:07,791 - [INFO] - main.httpd: Get post data: {'cmd': '2', 'project': '/data/login_server_ly'} from host: 192.168.3.121
2018-04-05 17:37:10,041 - [INFO] - main.monitor: 严重告警：
    网关服到服务器 ChatServer 的连接已断开！

详情：
    服务器：        gate02-ly
    IP地址：        140.143.128.210
    项目路径：       /jmserver/ly_gw_001

2018-04-05 17:39:23,169 - [INFO] - main.lazydog: starting disk_monitor thread ...
2018-04-05 17:39:23,170 - [INFO] - main.lazydog: starting progress_monitor thread ...
2018-04-05 17:39:23,170 - [INFO] - main.lazydog: starting gateway_monitor thread ...
2018-04-05 17:39:23,171 - [INFO] - main.httpd: Starting http sever with port: 8431
2018-04-05 17:39:23,176 - [INFO] - main.progress_monitor: check project - /usr/bin with port - 6800 on server: aria2c
2018-04-05 17:39:25,369 - [ERROR] - main.server: ssh connection error! details:
Authentication failed.
2018-04-05 17:39:28,016 - [ERROR] - main.server: ssh connection error! details:
Authentication failed.
2018-04-05 17:40:30,104 - [INFO] - main.lazydog: starting disk_monitor thread ...
2018-04-05 17:40:30,105 - [INFO] - main.lazydog: starting progress_monitor thread ...
2018-04-05 17:40:30,105 - [INFO] - main.lazydog: starting gateway_monitor thread ...
2018-04-05 17:40:30,105 - [INFO] - main.httpd: Starting http sever with port: 8431
2018-04-05 17:40:30,110 - [INFO] - main.progress_monitor: check project - /usr/bin with port - 6800 on server: aria2c
2018-04-05 17:40:32,788 - [ERROR] - main.server: ssh connection error! details:
Authentication failed.
2018-04-05 17:40:34,954 - [ERROR] - main.server: ssh connection error! details:
Authentication failed.
2018-04-05 17:45:17,799 - [INFO] - main.lazydog: starting disk_monitor thread ...
2018-04-05 17:45:17,799 - [INFO] - main.lazydog: starting progress_monitor thread ...
2018-04-05 17:45:17,800 - [INFO] - main.lazydog: starting gateway_monitor thread ...
2018-04-05 17:45:17,800 - [INFO] - main.httpd: Starting http sever with port: 8431
2018-04-05 17:45:17,805 - [INFO] - main.progress_monitor: check project - /usr/bin with port - 6800 on server: aria2c
2018-04-05 17:45:18,302 - [INFO] - main.disk_monitor: check server: aria2c
2018-04-05 17:45:27,803 - [INFO] - main.httpd: Get post data: {'project': '/data/login_server_ly', 'cmd': '2'} from host: 192.168.3.121
2018-04-05 17:48:13,720 - [INFO] - main.lazydog: starting disk_monitor thread ...
2018-04-05 17:48:13,721 - [INFO] - main.lazydog: starting progress_monitor thread ...
2018-04-05 17:48:13,721 - [INFO] - main.lazydog: starting gateway_monitor thread ...
2018-04-05 17:48:13,722 - [INFO] - main.httpd: Starting http sever with port: 8431
2018-04-05 17:48:13,727 - [INFO] - main.progress_monitor: check project - /usr/bin with port - 6800 on server: aria2c
2018-04-05 17:48:14,292 - [INFO] - main.disk_monitor: check server: aria2c
2018-04-05 17:48:17,977 - [INFO] - main.httpd: Get post data: {'cmd': '2', 'project': '/data/login_server_ly'} from host: 192.168.3.121
2018-04-05 17:50:02,999 - [INFO] - main.lazydog: starting disk_monitor thread ...
2018-04-05 17:50:03,000 - [INFO] - main.lazydog: starting progress_monitor thread ...
2018-04-05 17:50:03,000 - [INFO] - main.lazydog: starting gateway_monitor thread ...
2018-04-05 17:50:03,001 - [INFO] - main.httpd: Starting http sever with port: 8431
2018-04-05 17:50:03,006 - [INFO] - main.progress_monitor: check project - /usr/bin with port - 6800 on server: aria2c
2018-04-05 17:50:03,369 - [INFO] - main.disk_monitor: check server: aria2c
2018-04-05 17:50:06,006 - [INFO] - main.httpd: Get post data: {'project': '/data/login_server_ly', 'cmd': '2'} from host: 192.168.3.121
2018-04-05 17:51:25,479 - [INFO] - main.lazydog: starting disk_monitor thread ...
2018-04-05 17:51:25,479 - [INFO] - main.lazydog: starting progress_monitor thread ...
2018-04-05 17:51:25,480 - [INFO] - main.lazydog: starting gateway_monitor thread ...
2018-04-05 17:51:25,480 - [INFO] - main.httpd: Starting http sever with port: 8431
2018-04-05 17:51:25,492 - [INFO] - main.progress_monitor: check project - /usr/bin with port - 6800 on server: aria2c
2018-04-05 17:51:26,076 - [INFO] - main.disk_monitor: check server: aria2c
2018-04-05 17:51:29,104 - [INFO] - main.httpd: Get post data: {'cmd': '2', 'project': '/data/login_server_ly'} from host: 192.168.3.121
2018-04-05 17:52:44,956 - [INFO] - main.lazydog: starting disk_monitor thread ...
2018-04-05 17:52:44,957 - [INFO] - main.lazydog: starting progress_monitor thread ...
2018-04-05 17:52:44,957 - [INFO] - main.lazydog: starting gateway_monitor thread ...
2018-04-05 17:52:44,957 - [INFO] - main.httpd: Starting http sever with port: 8431
2018-04-05 17:52:44,965 - [INFO] - main.progress_monitor: check project - /usr/bin with port - 6800 on server: aria2c
2018-04-05 17:52:45,510 - [INFO] - main.disk_monitor: check server: aria2c
2018-04-05 17:52:47,912 - [INFO] - main.httpd: Get post data: {'project': '/data/login_server_ly', 'cmd': '2'} from host: 192.168.3.121
2018-04-05 17:53:41,946 - [INFO] - main.lazydog: starting disk_monitor thread ...
2018-04-05 17:53:41,947 - [INFO] - main.lazydog: starting progress_monitor thread ...
2018-04-05 17:53:41,947 - [INFO] - main.lazydog: starting gateway_monitor thread ...
2018-04-05 17:53:41,947 - [INFO] - main.httpd: Starting http sever with port: 8431
2018-04-05 17:53:41,953 - [INFO] - main.progress_monitor: check project - /usr/bin with port - 6800 on server: aria2c
2018-04-05 17:53:42,534 - [INFO] - main.disk_monitor: check server: aria2c
2018-04-05 17:53:45,534 - [INFO] - main.httpd: Get post data: {'cmd': '2', 'project': '/data/login_server_ly'} from host: 192.168.3.121
2018-04-05 17:54:22,608 - [INFO] - main.lazydog: starting disk_monitor thread ...
2018-04-05 17:54:22,609 - [INFO] - main.lazydog: starting progress_monitor thread ...
2018-04-05 17:54:22,609 - [INFO] - main.lazydog: starting gateway_monitor thread ...
2018-04-05 17:54:22,609 - [INFO] - main.httpd: Starting http sever with port: 8431
2018-04-05 17:54:22,614 - [INFO] - main.progress_monitor: check project - /usr/bin with port - 6800 on server: aria2c
2018-04-05 17:54:22,991 - [INFO] - main.disk_monitor: check server: aria2c
2018-04-05 17:54:43,295 - [INFO] - main.httpd: Get post data: {'project': '/usr/bin', 'cmd': '2'} from host: 192.168.3.121
2018-04-05 17:57:37,985 - [INFO] - main.lazydog: starting disk_monitor thread ...
2018-04-05 17:57:37,986 - [INFO] - main.lazydog: starting progress_monitor thread ...
2018-04-05 17:57:37,987 - [INFO] - main.lazydog: starting gateway_monitor thread ...
2018-04-05 17:57:37,987 - [INFO] - main.httpd: Starting http sever with port: 8431
2018-04-05 17:57:38,005 - [INFO] - main.progress_monitor: check project - /usr/bin with port - 6800 on server: aria2c
2018-04-05 17:57:38,418 - [INFO] - main.disk_monitor: check server: aria2c
2018-04-05 17:57:42,842 - [INFO] - main.httpd: Get post data: {'project': '/usr/bin', 'cmd': '2'} from host: 192.168.3.121
2018-04-05 17:58:36,252 - [INFO] - main.lazydog: starting disk_monitor thread ...
2018-04-05 17:58:36,252 - [INFO] - main.lazydog: starting progress_monitor thread ...
2018-04-05 17:58:36,252 - [INFO] - main.lazydog: starting gateway_monitor thread ...
2018-04-05 17:58:36,253 - [INFO] - main.httpd: Starting http sever with port: 8431
2018-04-05 17:58:36,268 - [INFO] - main.progress_monitor: check project - /usr/bin with port - 6800 on server: aria2c
2018-04-05 17:58:36,579 - [INFO] - main.disk_monitor: check server: aria2c
2018-04-05 17:58:39,954 - [INFO] - main.httpd: Get post data: {'project': '/usr/bin', 'cmd': '2'} from host: 192.168.3.121
2018-04-05 17:59:26,442 - [INFO] - main.lazydog: starting disk_monitor thread ...
2018-04-05 17:59:26,442 - [INFO] - main.lazydog: starting progress_monitor thread ...
2018-04-05 17:59:26,443 - [INFO] - main.lazydog: starting gateway_monitor thread ...
2018-04-05 17:59:26,443 - [INFO] - main.httpd: Starting http sever with port: 8431
2018-04-05 17:59:26,447 - [INFO] - main.progress_monitor: check project - /usr/bin with port - 6800 on server: aria2c
2018-04-05 17:59:26,811 - [INFO] - main.disk_monitor: check server: aria2c
2018-04-05 17:59:29,581 - [INFO] - main.httpd: Get post data: {'cmd': '2', 'project': '/usr/bin'} from host: 192.168.3.121
2018-04-05 18:11:04,612 - [INFO] - main.lazydog: starting disk_monitor thread ...
2018-04-05 18:11:04,612 - [INFO] - main.lazydog: starting progress_monitor thread ...
2018-04-05 18:11:04,613 - [INFO] - main.lazydog: starting gateway_monitor thread ...
2018-04-05 18:11:04,613 - [INFO] - main.httpd: Starting http sever with port: 8431
2018-04-05 18:11:04,618 - [INFO] - main.progress_monitor: check project - /usr/bin with port - 6800 on server: aria2c
2018-04-05 18:11:05,189 - [INFO] - main.disk_monitor: check server: aria2c
2018-04-05 18:11:07,725 - [INFO] - main.httpd: Get post data: {'project': '/usr/bin', 'cmd': '2'} from host: 192.168.3.121
2018-04-05 18:12:44,517 - [INFO] - main.lazydog: starting disk_monitor thread ...
2018-04-05 18:12:44,518 - [INFO] - main.lazydog: starting progress_monitor thread ...
2018-04-05 18:12:44,518 - [INFO] - main.lazydog: starting gateway_monitor thread ...
2018-04-05 18:12:44,518 - [INFO] - main.httpd: Starting http sever with port: 8431
2018-04-05 18:12:44,524 - [INFO] - main.progress_monitor: check project - /usr/bin with port - 6800 on server: aria2c
2018-04-05 18:12:44,905 - [INFO] - main.disk_monitor: check server: aria2c
2018-04-05 18:12:47,385 - [INFO] - main.httpd: Get post data: {'project': '/usr/bin', 'cmd': '2'} from host: 192.168.3.121
2018-04-05 18:13:23,853 - [INFO] - main.lazydog: starting disk_monitor thread ...
2018-04-05 18:13:23,854 - [INFO] - main.lazydog: starting progress_monitor thread ...
2018-04-05 18:13:23,855 - [INFO] - main.lazydog: starting gateway_monitor thread ...
2018-04-05 18:13:23,855 - [INFO] - main.httpd: Starting http sever with port: 8431
2018-04-05 18:13:23,873 - [INFO] - main.progress_monitor: check project - /usr/bin with port - 6800 on server: aria2c
2018-04-05 18:13:24,243 - [INFO] - main.disk_monitor: check server: aria2c
2018-04-05 18:13:27,251 - [INFO] - main.httpd: Get post data: {'cmd': '2', 'project': '/usr/bin'} from host: 192.168.3.121
2018-04-05 18:14:05,173 - [INFO] - main.lazydog: starting disk_monitor thread ...
2018-04-05 18:14:05,173 - [INFO] - main.lazydog: starting progress_monitor thread ...
2018-04-05 18:14:05,174 - [INFO] - main.lazydog: starting gateway_monitor thread ...
2018-04-05 18:14:05,174 - [INFO] - main.httpd: Starting http sever with port: 8431
2018-04-05 18:14:05,181 - [INFO] - main.progress_monitor: check project - /usr/bin with port - 6800 on server: aria2c
2018-04-05 18:14:05,824 - [INFO] - main.disk_monitor: check server: aria2c
2018-04-05 18:14:08,394 - [INFO] - main.httpd: Get post data: {'project': '/usr/bin', 'cmd': '2'} from host: 192.168.3.121
2018-04-05 18:14:56,464 - [INFO] - main.lazydog: starting disk_monitor thread ...
2018-04-05 18:14:56,465 - [INFO] - main.lazydog: starting progress_monitor thread ...
2018-04-05 18:14:56,465 - [INFO] - main.lazydog: starting gateway_monitor thread ...
2018-04-05 18:14:56,465 - [INFO] - main.httpd: Starting http sever with port: 8431
2018-04-05 18:14:56,470 - [INFO] - main.progress_monitor: check project - /usr/bin with port - 6800 on server: aria2c
2018-04-05 18:14:56,962 - [INFO] - main.disk_monitor: check server: aria2c
2018-04-05 18:15:00,025 - [INFO] - main.httpd: Get post data: {'project': '/usr/bin', 'cmd': '2'} from host: 192.168.3.121
2018-04-05 18:15:00,025 - [INFO] - main.monitor: 通知：
    项目已被置为维护状态，已停止监控。

详情：
    服务器：        aria2c
    IP地址：        192.168.3.121
    项目路径：       /usr/bin
    检测端口：       6800

2018-04-05 18:15:18,428 - [INFO] - main.httpd: Get post data: {'project': '/usr/bin', 'cmd': '2'} from host: 192.168.3.121
2018-04-05 18:15:18,436 - [INFO] - main.monitor: 通知：
    项目已恢复为服务状态，开始监控。

详情：
    服务器：        aria2c
    IP地址：        192.168.3.121
    项目路径：       /usr/bin
    检测端口：       6800

2018-04-05 18:15:46,491 - [INFO] - main.httpd: Get post data: {'project': '/usr/bin', 'cmd': '2'} from host: 192.168.3.121
2018-04-05 18:15:46,491 - [INFO] - main.monitor: 通知：
    项目已被置为维护状态，已停止监控。

详情：
    服务器：        aria2c
    IP地址：        192.168.3.121
    项目路径：       /usr/bin
    检测端口：       6800

2018-04-05 18:16:07,876 - [INFO] - main.httpd: Get post data: {'project': '/usr/bin', 'cmd': '2'} from host: 192.168.3.121
2018-04-05 18:16:07,877 - [INFO] - main.monitor: 通知：
    项目已恢复为服务状态，开始监控。

详情：
    服务器：        aria2c
    IP地址：        192.168.3.121
    项目路径：       /usr/bin
    检测端口：       6800

2018-04-05 18:17:13,001 - [INFO] - main.lazydog: starting disk_monitor thread ...
2018-04-05 18:17:13,002 - [INFO] - main.lazydog: starting progress_monitor thread ...
2018-04-05 18:17:13,002 - [INFO] - main.lazydog: starting gateway_monitor thread ...
2018-04-05 18:17:13,002 - [INFO] - main.httpd: Starting http sever with port: 8431
2018-04-05 18:17:13,007 - [INFO] - main.progress_monitor: check project - /usr/bin with port - 6800 on server: aria2c
2018-04-05 18:17:13,344 - [INFO] - main.disk_monitor: check server: aria2c
2018-04-05 18:17:16,588 - [INFO] - main.httpd: Get post data: {'cmd': '2', 'project': '/usr/bin'} from host: 192.168.3.121
2018-04-05 18:17:52,829 - [INFO] - main.lazydog: starting disk_monitor thread ...
2018-04-05 18:17:52,830 - [INFO] - main.lazydog: starting progress_monitor thread ...
2018-04-05 18:17:52,830 - [INFO] - main.lazydog: starting gateway_monitor thread ...
2018-04-05 18:17:52,830 - [INFO] - main.httpd: Starting http sever with port: 8431
2018-04-05 18:17:52,835 - [INFO] - main.progress_monitor: check project - /usr/bin with port - 6800 on server: aria2c
2018-04-05 18:17:53,351 - [INFO] - main.disk_monitor: check server: aria2c
2018-04-05 18:17:56,074 - [INFO] - main.httpd: Get post data: {'cmd': '2', 'project': '/usr/bin'} from host: 192.168.3.121
2018-04-05 18:17:56,102 - [INFO] - main.monitor: 通知：
    项目已被置为维护状态，已停止监控。

详情：
    服务器：        aria2c
    IP地址：        192.168.3.121
    项目路径：       /usr/bin
    检测端口：       6800

2018-04-05 18:25:31,039 - [INFO] - main.lazydog: starting disk_monitor thread ...
2018-04-05 18:25:31,039 - [INFO] - main.lazydog: starting progress_monitor thread ...
2018-04-05 18:25:31,040 - [INFO] - main.lazydog: starting gateway_monitor thread ...
2018-04-05 18:25:31,040 - [INFO] - main.httpd: Starting http sever with port: 8431
2018-04-05 18:25:31,047 - [INFO] - main.progress_monitor: check project - /usr/bin with port - 6800 on server: aria2c
2018-04-05 18:25:31,689 - [INFO] - main.disk_monitor: check server: aria2c
2018-04-05 18:25:33,844 - [INFO] - main.httpd: Get post data: {'project': '/usr/bin', 'cmd': '2'} from host: 192.168.3.121
2018-04-05 18:26:48,442 - [INFO] - main.lazydog: starting disk_monitor thread ...
2018-04-05 18:26:48,443 - [INFO] - main.lazydog: starting progress_monitor thread ...
2018-04-05 18:26:48,443 - [INFO] - main.lazydog: starting gateway_monitor thread ...
2018-04-05 18:26:48,443 - [INFO] - main.httpd: Starting http sever with port: 8431
2018-04-05 18:26:48,448 - [INFO] - main.progress_monitor: check project - /usr/bin with port - 6800 on server: aria2c
2018-04-05 18:26:48,816 - [INFO] - main.disk_monitor: check server: aria2c
2018-04-05 18:26:51,416 - [INFO] - main.httpd: Get post data: {'project': '/usr/bin', 'cmd': '2'} from host: 192.168.3.121
2018-04-05 18:26:51,417 - [INFO] - main.monitor: 通知：
    项目已被置为维护状态，已停止监控。

详情：
    服务器：        aria2c
    IP地址：        192.168.3.121
    项目路径：       /usr/bin
    检测端口：       6800

2018-04-05 18:27:21,571 - [INFO] - main.httpd: Get post data: {'project': '/usr/local/bin', 'cmd': '2'} from host: 192.168.3.121
2018-04-05 18:29:53,707 - [INFO] - main.lazydog: starting disk_monitor thread ...
2018-04-05 18:29:53,708 - [INFO] - main.lazydog: starting progress_monitor thread ...
2018-04-05 18:29:53,708 - [INFO] - main.lazydog: starting gateway_monitor thread ...
2018-04-05 18:29:53,709 - [INFO] - main.httpd: Starting http sever with port: 8431
2018-04-05 18:29:53,715 - [INFO] - main.progress_monitor: check project - /usr/bin with port - 6800 on server: aria2c
2018-04-05 18:29:54,296 - [INFO] - main.disk_monitor: check server: aria2c
2018-04-05 18:29:57,757 - [INFO] - main.httpd: Get post data: {'cmd': '2', 'project': '/usr/local/bin'} from host: 192.168.3.121
2018-04-05 18:30:05,029 - [INFO] - main.httpd: Get post data: {'cmd': '2', 'project': '/usr/local/bin'} from host: 192.168.3.121
2018-04-05 18:32:09,237 - [INFO] - main.lazydog: starting disk_monitor thread ...
2018-04-05 18:32:09,237 - [INFO] - main.lazydog: starting progress_monitor thread ...
2018-04-05 18:32:09,238 - [INFO] - main.lazydog: starting gateway_monitor thread ...
2018-04-05 18:32:09,238 - [INFO] - main.httpd: Starting http sever with port: 8431
2018-04-05 18:32:09,243 - [INFO] - main.progress_monitor: check project - /usr/bin with port - 6800 on server: aria2c
2018-04-05 18:32:09,825 - [INFO] - main.disk_monitor: check server: aria2c
2018-04-05 18:32:12,615 - [INFO] - main.httpd: Get post data: {'cmd': '2', 'project': '/usr/local/bin'} from host: 192.168.3.121
2018-04-05 18:35:19,023 - [INFO] - main.lazydog: starting disk_monitor thread ...
2018-04-05 18:35:19,023 - [INFO] - main.lazydog: starting progress_monitor thread ...
2018-04-05 18:35:19,023 - [INFO] - main.lazydog: starting gateway_monitor thread ...
2018-04-05 18:35:19,024 - [INFO] - main.httpd: Starting http sever with port: 8431
2018-04-05 18:35:19,030 - [INFO] - main.progress_monitor: check project - /usr/bin with port - 6800 on server: aria2c
2018-04-05 18:35:19,412 - [INFO] - main.disk_monitor: check server: aria2c
2018-04-05 18:35:22,527 - [INFO] - main.httpd: Get post data: {'project': '/usr/local/bin', 'cmd': '2'} from host: 192.168.3.121
2018-04-05 18:35:35,025 - [INFO] - main.httpd: Get post data: {'project': '/usr/local/bin', 'cmd': '2'} from host: 192.168.3.121
2018-04-05 18:35:36,043 - [INFO] - main.httpd: Get post data: {'project': '/usr/local/bin', 'cmd': '2'} from host: 192.168.3.121
2018-04-05 18:35:36,608 - [INFO] - main.httpd: Get post data: {'project': '/usr/local/bin', 'cmd': '2'} from host: 192.168.3.121
2018-04-05 18:35:37,144 - [INFO] - main.httpd: Get post data: {'project': '/usr/local/bin', 'cmd': '2'} from host: 192.168.3.121
2018-04-05 18:36:56,790 - [INFO] - main.lazydog: starting disk_monitor thread ...
2018-04-05 18:36:56,792 - [INFO] - main.lazydog: starting progress_monitor thread ...
2018-04-05 18:36:56,792 - [INFO] - main.lazydog: starting gateway_monitor thread ...
2018-04-05 18:36:56,792 - [INFO] - main.httpd: Starting http sever with port: 8431
2018-04-05 18:36:56,797 - [INFO] - main.progress_monitor: check project - /usr/bin with port - 6800 on server: aria2c
2018-04-05 18:36:57,336 - [INFO] - main.disk_monitor: check server: aria2c
2018-04-05 18:36:59,882 - [INFO] - main.httpd: Get post data: {'cmd': '2', 'project': '/usr/local/bin'} from host: 192.168.3.121
2018-04-05 18:37:49,417 - [INFO] - main.lazydog: starting disk_monitor thread ...
2018-04-05 18:37:49,417 - [INFO] - main.lazydog: starting progress_monitor thread ...
2018-04-05 18:37:49,418 - [INFO] - main.lazydog: starting gateway_monitor thread ...
2018-04-05 18:37:49,418 - [INFO] - main.httpd: Starting http sever with port: 8431
2018-04-05 18:37:49,424 - [INFO] - main.progress_monitor: check project - /usr/bin with port - 6800 on server: aria2c
2018-04-05 18:37:50,259 - [INFO] - main.disk_monitor: check server: aria2c
2018-04-05 18:37:53,110 - [INFO] - main.httpd: Get post data: {'cmd': '2', 'project': '/usr/local/bin'} from host: 192.168.3.121
2018-04-05 18:41:40,093 - [INFO] - main.lazydog: starting disk_monitor thread ...
2018-04-05 18:41:40,094 - [INFO] - main.lazydog: starting progress_monitor thread ...
2018-04-05 18:41:40,094 - [INFO] - main.lazydog: starting gateway_monitor thread ...
2018-04-05 18:41:40,095 - [INFO] - main.httpd: Starting http sever with port: 8431
2018-04-05 18:41:40,101 - [INFO] - main.progress_monitor: check project - /usr/bin with port - 6800 on server: aria2c
2018-04-05 18:41:40,500 - [INFO] - main.disk_monitor: check server: aria2c
2018-04-05 18:41:43,279 - [INFO] - main.httpd: Get post data: {'cmd': '2', 'project': '/usr/local/bin'} from host: 192.168.3.121
2018-04-05 18:45:03,656 - [INFO] - main.lazydog: starting disk_monitor thread ...
2018-04-05 18:45:03,657 - [INFO] - main.lazydog: starting progress_monitor thread ...
2018-04-05 18:45:03,657 - [INFO] - main.lazydog: starting gateway_monitor thread ...
2018-04-05 18:45:03,658 - [INFO] - main.httpd: Starting http sever with port: 8431
2018-04-05 18:45:03,663 - [INFO] - main.progress_monitor: check project - /usr/bin with port - 6800 on server: aria2c
2018-04-05 18:45:04,075 - [INFO] - main.disk_monitor: check server: aria2c
2018-04-05 18:45:06,710 - [INFO] - main.httpd: Get post data: {'project': '/usr/local/bin', 'cmd': '2'} from host: 192.168.3.121
2018-04-05 18:45:18,873 - [INFO] - main.httpd: Get post data: {'project': '/usr/bin', 'cmd': '2'} from host: 192.168.3.121
2018-04-05 18:45:18,873 - [INFO] - main.monitor: 通知：
    项目已被置为维护状态，已停止监控。

详情：
    服务器：        aria2c
    IP地址：        192.168.3.121
    项目路径：       /usr/bin
    检测端口：       6800

2018-04-05 18:47:00,996 - [INFO] - main.lazydog: starting disk_monitor thread ...
2018-04-05 18:47:00,997 - [INFO] - main.lazydog: starting progress_monitor thread ...
2018-04-05 18:47:00,998 - [INFO] - main.lazydog: starting gateway_monitor thread ...
2018-04-05 18:47:00,998 - [INFO] - main.httpd: Starting http sever with port: 8431
2018-04-05 18:47:01,003 - [INFO] - main.progress_monitor: check project - /usr/bin with port - 6800 on server: aria2c
2018-04-05 18:47:01,365 - [INFO] - main.disk_monitor: check server: aria2c
2018-04-05 18:47:04,710 - [INFO] - main.httpd: Get post data: {'cmd': '2', 'project': '/usr/bin'} from host: 192.168.3.121
2018-04-05 18:48:02,237 - [INFO] - main.lazydog: starting disk_monitor thread ...
2018-04-05 18:48:02,238 - [INFO] - main.lazydog: starting progress_monitor thread ...
2018-04-05 18:48:02,238 - [INFO] - main.lazydog: starting gateway_monitor thread ...
2018-04-05 18:48:02,239 - [INFO] - main.httpd: Starting http sever with port: 8431
2018-04-05 18:48:02,244 - [INFO] - main.progress_monitor: check project - /usr/bin with port - 6800 on server: aria2c
2018-04-05 18:48:02,642 - [INFO] - main.disk_monitor: check server: aria2c
2018-04-05 18:48:06,540 - [INFO] - main.httpd: Get post data: {'project': '/usr/bin', 'cmd': '2'} from host: 192.168.3.121
2018-04-05 18:48:06,541 - [INFO] - main.monitor: 通知：
    项目已被置为维护状态，已停止监控。

详情：
    服务器：        aria2c
    IP地址：        192.168.3.121
    项目路径：       /usr/bin
    检测端口：       6800

2018-04-05 18:49:07,634 - [INFO] - main.lazydog: starting disk_monitor thread ...
2018-04-05 18:49:07,634 - [INFO] - main.lazydog: starting progress_monitor thread ...
2018-04-05 18:49:07,635 - [INFO] - main.lazydog: starting gateway_monitor thread ...
2018-04-05 18:49:07,635 - [INFO] - main.httpd: Starting http sever with port: 8431
2018-04-05 18:49:07,640 - [INFO] - main.progress_monitor: check project - /usr/bin with port - 6800 on server: aria2c
2018-04-05 18:49:08,238 - [INFO] - main.disk_monitor: check server: aria2c
2018-04-05 18:49:12,060 - [INFO] - main.httpd: Get post data: {'cmd': '2', 'project': '/usr/bin'} from host: 192.168.3.121
2018-04-05 18:49:12,060 - [INFO] - main.monitor: 通知：
    项目已被置为维护状态，已停止监控。

详情：
    服务器：        aria2c
    IP地址：        192.168.3.121
    项目路径：       /usr/bin
    检测端口：       6800

2018-04-05 18:49:29,245 - [INFO] - main.httpd: Get post data: {'cmd': '2', 'project': '/usr/bin'} from host: 192.168.3.121
2018-04-05 18:49:29,246 - [INFO] - main.monitor: 通知：
    项目已恢复为服务状态，开始监控。

详情：
    服务器：        aria2c
    IP地址：        192.168.3.121
    项目路径：       /usr/bin
    检测端口：       6800

2018-04-05 18:49:49,791 - [INFO] - main.httpd: Get post data: {'cmd': '2', 'project': '/usr/bin'} from host: 192.168.3.121
2018-04-05 18:49:49,799 - [INFO] - main.monitor: 通知：
    项目已被置为维护状态，已停止监控。

详情：
    服务器：        aria2c
    IP地址：        192.168.3.121
    项目路径：       /usr/bin
    检测端口：       6800

2018-04-05 18:50:13,841 - [INFO] - main.httpd: Get post data: {'cmd': '2', 'project': '/usr/bin'} from host: 192.168.3.121
2018-04-05 18:50:13,841 - [INFO] - main.monitor: 通知：
    项目已恢复为服务状态，开始监控。

详情：
    服务器：        aria2c
    IP地址：        192.168.3.121
    项目路径：       /usr/bin
    检测端口：       6800

2018-04-05 18:52:03,530 - [INFO] - main.lazydog: starting disk_monitor thread ...
2018-04-05 18:52:03,531 - [INFO] - main.lazydog: starting progress_monitor thread ...
2018-04-05 18:52:03,532 - [INFO] - main.lazydog: starting gateway_monitor thread ...
2018-04-05 18:52:03,532 - [INFO] - main.httpd: Starting http sever with port: 8431
2018-04-05 18:52:03,540 - [INFO] - main.progress_monitor: check project - /usr/bin with port - 6800 on server: aria2c
2018-04-05 18:52:03,903 - [INFO] - main.disk_monitor: check server: aria2c
2018-04-05 18:52:08,114 - [INFO] - main.httpd: Get post data: {'cmd': '2', 'project': '/usr/bin'} from host: 192.168.3.121
2018-04-05 18:52:08,114 - [INFO] - main.monitor: 通知：
    项目已被置为维护状态，已停止监控。

详情：
    服务器：        aria2c
    IP地址：        192.168.3.121
    项目路径：       /usr/bin
    检测端口：       6800

2018-04-05 18:53:44,747 - [INFO] - main.lazydog: starting disk_monitor thread ...
2018-04-05 18:53:44,748 - [INFO] - main.lazydog: starting progress_monitor thread ...
2018-04-05 18:53:44,748 - [INFO] - main.lazydog: starting gateway_monitor thread ...
2018-04-05 18:53:44,748 - [INFO] - main.httpd: Starting http sever with port: 8431
2018-04-05 18:53:44,760 - [INFO] - main.progress_monitor: check project - /usr/bin with port - 6800 on server: aria2c
2018-04-05 18:53:45,142 - [INFO] - main.disk_monitor: check server: aria2c
2018-04-05 18:53:49,929 - [INFO] - main.httpd: Get post data: {'project': '/usr/bin', 'cmd': '2'} from host: 192.168.3.121
2018-04-05 18:53:49,929 - [INFO] - main.monitor: 通知：
    项目已被置为维护状态，已停止监控。

详情：
    服务器：        aria2c
    IP地址：        192.168.3.121
    项目路径：       /usr/bin
    检测端口：       6800

2018-04-05 18:54:45,183 - [INFO] - main.lazydog: starting disk_monitor thread ...
2018-04-05 18:54:45,184 - [INFO] - main.lazydog: starting progress_monitor thread ...
2018-04-05 18:54:45,184 - [INFO] - main.lazydog: starting gateway_monitor thread ...
2018-04-05 18:54:45,185 - [INFO] - main.httpd: Starting http sever with port: 8431
2018-04-05 18:54:45,249 - [INFO] - main.progress_monitor: check project - /usr/bin with port - 6800 on server: aria2c
2018-04-05 18:54:45,844 - [INFO] - main.disk_monitor: check server: aria2c
2018-04-05 18:54:59,235 - [INFO] - main.httpd: Get post data: {'project': '/usr/local/bin', 'cmd': '2'} from host: 192.168.3.121
2018-04-05 19:01:04,207 - [INFO] - main.lazydog: starting disk_monitor thread ...
2018-04-05 19:01:04,208 - [INFO] - main.lazydog: starting progress_monitor thread ...
2018-04-05 19:01:04,208 - [INFO] - main.lazydog: starting gateway_monitor thread ...
2018-04-05 19:01:04,208 - [INFO] - main.httpd: Starting http sever with port: 8431
2018-04-05 19:01:04,222 - [INFO] - main.progress_monitor: check project - /usr/bin with port - 6800 on server: aria2c
2018-04-05 19:01:04,635 - [INFO] - main.disk_monitor: check server: aria2c
2018-04-05 19:01:07,483 - [INFO] - main.httpd: Get post data: {'cmd': '2', 'project': '/usr/local/bin'} from host: 192.168.3.121
2018-04-05 19:01:15,734 - [INFO] - main.httpd: Get post data: {'cmd': '2', 'project': '/usr/local/bin'} from host: 192.168.3.121
2018-04-05 19:02:05,076 - [INFO] - main.lazydog: starting disk_monitor thread ...
2018-04-05 19:02:05,077 - [INFO] - main.lazydog: starting progress_monitor thread ...
2018-04-05 19:02:05,077 - [INFO] - main.lazydog: starting gateway_monitor thread ...
2018-04-05 19:02:05,078 - [INFO] - main.httpd: Starting http sever with port: 8431
2018-04-05 19:02:05,084 - [INFO] - main.progress_monitor: check project - /usr/bin with port - 6800 on server: aria2c
2018-04-05 19:02:05,467 - [INFO] - main.disk_monitor: check server: aria2c
2018-04-05 19:02:08,127 - [INFO] - main.httpd: Get post data: {'cmd': '2', 'project': '/usr/local/bin'} from host: 192.168.3.121
2018-04-05 19:03:04,899 - [INFO] - main.lazydog: starting disk_monitor thread ...
2018-04-05 19:03:04,900 - [INFO] - main.lazydog: starting progress_monitor thread ...
2018-04-05 19:03:04,900 - [INFO] - main.lazydog: starting gateway_monitor thread ...
2018-04-05 19:03:04,901 - [INFO] - main.httpd: Starting http sever with port: 8431
2018-04-05 19:03:04,906 - [INFO] - main.progress_monitor: check project - /usr/bin with port - 6800 on server: aria2c
2018-04-05 19:03:05,261 - [INFO] - main.disk_monitor: check server: aria2c
2018-04-05 19:03:12,676 - [INFO] - main.httpd: Get post data: {'cmd': '1'} from host: 192.168.3.121
2018-04-05 19:03:48,286 - [INFO] - main.lazydog: starting disk_monitor thread ...
2018-04-05 19:03:48,286 - [INFO] - main.lazydog: starting progress_monitor thread ...
2018-04-05 19:03:48,287 - [INFO] - main.lazydog: starting gateway_monitor thread ...
2018-04-05 19:03:48,287 - [INFO] - main.httpd: Starting http sever with port: 8431
2018-04-05 19:03:48,292 - [INFO] - main.progress_monitor: check project - /usr/bin with port - 6800 on server: aria2c
2018-04-05 19:03:48,577 - [INFO] - main.disk_monitor: check server: aria2c
2018-04-05 19:03:52,108 - [INFO] - main.httpd: Get post data: {'cmd': '1'} from host: 192.168.3.121
2018-04-05 19:04:49,040 - [INFO] - main.progress_monitor: check project - /usr/bin with port - 6800 on server: aria2c
2018-04-05 19:51:32,248 - [INFO] - main.lazydog: starting disk_monitor thread ...
2018-04-05 19:51:32,249 - [INFO] - main.lazydog: starting progress_monitor thread ...
2018-04-05 19:51:32,249 - [INFO] - main.lazydog: starting gateway_monitor thread ...
2018-04-05 19:51:32,249 - [INFO] - main.httpd: Starting http sever with port: 8431
2018-04-05 19:51:32,263 - [INFO] - main.progress_monitor: check project - /usr/bin with port - 6800 on server: aria2c
2018-04-05 19:51:32,791 - [INFO] - main.disk_monitor: check server: aria2c
2018-04-05 19:51:37,039 - [INFO] - main.httpd: Get post data: {'cmd': '2', 'project': '/usr/local/bin'} from host: 192.168.3.121
2018-04-05 19:51:48,817 - [INFO] - main.httpd: Get post data: {'cmd': '2', 'project': '/usr/bin'} from host: 192.168.3.121
2018-04-05 19:51:48,817 - [INFO] - main.monitor: 通知：
    项目已被置为维护状态，已停止监控。

详情：
    服务器：        aria2c
    IP地址：        192.168.3.121
    项目路径：       /usr/bin
    检测端口：       6800

2018-04-05 19:52:01,910 - [INFO] - main.httpd: Get post data: {'cmd': '2', 'project': '/usr/bin'} from host: 192.168.3.121
2018-04-05 19:52:01,910 - [INFO] - main.monitor: 通知：
    项目已恢复为服务状态，开始监控。

详情：
    服务器：        aria2c
    IP地址：        192.168.3.121
    项目路径：       /usr/bin
    检测端口：       6800

2018-04-05 19:52:18,931 - [INFO] - main.httpd: Get post data: {'cmd': '2', 'project': '/usr/local/bin'} from host: 192.168.3.121
2018-04-05 19:53:38,850 - [INFO] - main.lazydog: starting disk_monitor thread ...
2018-04-05 19:53:38,851 - [INFO] - main.lazydog: starting progress_monitor thread ...
2018-04-05 19:53:38,851 - [INFO] - main.lazydog: starting gateway_monitor thread ...
2018-04-05 19:53:38,851 - [INFO] - main.httpd: Starting http sever with port: 8431
2018-04-05 19:53:38,859 - [INFO] - main.progress_monitor: check project - /usr/bin with port - 6800 on server: aria2c
2018-04-05 19:53:39,187 - [INFO] - main.disk_monitor: check server: aria2c
2018-04-05 19:53:43,164 - [INFO] - main.httpd: Get post data: {'cmd': '2', 'project': '/usr/local/bin'} from host: 192.168.3.121
2018-04-05 19:54:30,151 - [INFO] - main.lazydog: starting disk_monitor thread ...
2018-04-05 19:54:30,152 - [INFO] - main.lazydog: starting progress_monitor thread ...
2018-04-05 19:54:30,152 - [INFO] - main.lazydog: starting gateway_monitor thread ...
2018-04-05 19:54:30,153 - [INFO] - main.httpd: Starting http sever with port: 8431
2018-04-05 19:54:30,160 - [INFO] - main.progress_monitor: check project - /usr/bin with port - 6800 on server: aria2c
2018-04-05 19:54:30,514 - [INFO] - main.disk_monitor: check server: aria2c
2018-04-05 19:54:32,993 - [INFO] - main.httpd: Get post data: {'project': '/usr/local/bin', 'cmd': '2'} from host: 192.168.3.121
2018-04-05 19:58:08,485 - [INFO] - main.lazydog: starting disk_monitor thread ...
2018-04-05 19:58:08,486 - [INFO] - main.lazydog: starting progress_monitor thread ...
2018-04-05 19:58:08,487 - [INFO] - main.lazydog: starting gateway_monitor thread ...
2018-04-05 19:58:08,488 - [INFO] - main.httpd: Starting http sever with port: 8431
2018-04-05 19:58:08,492 - [INFO] - main.progress_monitor: check project - /usr/bin with port - 6800 on server: aria2c
2018-04-05 19:58:08,997 - [INFO] - main.disk_monitor: check server: aria2c
2018-04-05 19:58:11,555 - [INFO] - main.httpd: Get post data: {'cmd': '2', 'project': '/usr/local/bin'} from host: 192.168.3.121
2018-04-05 19:58:16,663 - [INFO] - main.httpd: Get post data: {'cmd': '2', 'project': '/usr/bin'} from host: 192.168.3.121
2018-04-05 19:58:16,663 - [INFO] - main.monitor: 通知：
    项目已被置为维护状态，已停止监控。

详情：
    服务器：        aria2c
    IP地址：        192.168.3.121
    项目路径：       /usr/bin
    检测端口：       6800

2018-04-05 19:58:21,817 - [INFO] - main.httpd: Get post data: {'cmd': '2', 'project': '/usr/bin'} from host: 192.168.3.121
2018-04-05 19:58:21,817 - [INFO] - main.monitor: 通知：
    项目已恢复为服务状态，开始监控。

详情：
    服务器：        aria2c
    IP地址：        192.168.3.121
    项目路径：       /usr/bin
    检测端口：       6800

